
> team-project@0.1.0 start
> react-scripts start

node.exe : (node:22064) [DEP_WEBPACK_DEV_SERVER_ON_AFTER_SETUP_MIDDLEWARE] DeprecationWarning: 'onAfterSetupMiddleware'
 option is deprecated. Please use the 'setupMiddlewares' option.
Location C:\Program Files\npm.ps1:29 char: 3
+   & $NODE_EXE $NPM_CLI_JS $args
+   ~~~~~~~~~~~~~~~~~~~~~~~~~~~~~
    + CategoryInfo          : NotSpecified: ((node:22064) [D...ewares' option.:String) [], RemoteException
    + FullyQualifiedErrorId : NativeCommandError
 
(Use `node --trace-deprecation ...` to show where the warning was created)
(node:22064) [DEP_WEBPACK_DEV_SERVER_ON_BEFORE_SETUP_MIDDLEWARE] DeprecationWarning: 'onBeforeSetupMiddleware' option i
s deprecated. Please use the 'setupMiddlewares' option.
Starting the development server...

Compiled with warnings.

[eslint] 
src\App.js
  Line 4:20:    'Bell' is defined but never used                                                                                  no-unused-vars
  Line 4:33:    'Filter' is defined but never used                                                                                no-unused-vars
  Line 15:8:    'FHIRConnectionStatus' is defined but never used                                                                  no-unused-vars
  Line 49:10:   'dataSyncStatus' is assigned a value but never used                                                               no-unused-vars
  Line 114:6:   React Hook useEffect has a missing dependency: 'fhirConnected'. Either include it or remove the dependency array  react-hooks/exhaustive-deps
  Line 224:11:  'encounterData' is defined but never used                                                                         no-unused-vars

src\components\DepartmentAnalytics.js
  Line 13:71:  'AlertCircle' is defined but never used  no-unused-vars

src\services\restApiService.js
  Line 938:9:    Expected a default case           default-case
  Line 1073:44:  Unnecessary escape character: \-  no-useless-escape
  Line 1676:7:   Expected a default case           default-case

Search for the keywords to learn more about each warning.
To ignore, add // eslint-disable-next-line to the line before.

[1m[33mWARNING[39m[22m in [1m[eslint] 
src\App.js
  Line 4:20:    'Bell' is defined but never used                                                                                  no-unused-vars
  Line 4:33:    'Filter' is defined but never used                                                                                no-unused-vars
  Line 15:8:    'FHIRConnectionStatus' is defined but never used                                                                  no-unused-vars
  Line 49:10:   'dataSyncStatus' is assigned a value but never used                                                               no-unused-vars
  Line 114:6:   React Hook useEffect has a missing dependency: 'fhirConnected'. Either include it or remove the dependency array  react-hooks/exhaustive-deps
  Line 224:11:  'encounterData' is defined but never used                                                                         no-unused-vars

src\components\DepartmentAnalytics.js
  Line 13:71:  'AlertCircle' is defined but never used  no-unused-vars

src\services\restApiService.js
  Line 938:9:    Expected a default case           default-case
  Line 1073:44:  Unnecessary escape character: \-  no-useless-escape
  Line 1676:7:   Expected a default case           default-case

[39m[22m

webpack compiled with [1m[33m1 warning[39m[22m
^C

