
> team-project@0.1.0 start
> react-scripts start

Starting the development server...

Compiled with warnings.

[eslint] 
src\App.js
  Line 4:20:    'Bell' is defined but never used                                                                                  no-unused-vars
  Line 4:33:    'Filter' is defined but never used                                                                                no-unused-vars
  Line 15:8:    'FHIRConnectionStatus' is defined but never used                                                                  no-unused-vars
  Line 49:10:   'dataSyncStatus' is assigned a value but never used                                                               no-unused-vars
  Line 104:6:   React Hook useEffect has a missing dependency: 'fhirConnected'. Either include it or remove the dependency array  react-hooks/exhaustive-deps
  Line 208:11:  'encounterData' is defined but never used                                                                         no-unused-vars

src\components\CriticalAlerts.js
  Line 9:9:  The 'initialAlertsData' conditional could make the dependencies of useEffect Hook (at line 81) change on every render. Move it inside the useEffect callback. Alternatively, wrap the initialization of 'initialAlertsData' in its own useMemo() Hook  react-hooks/exhaustive-deps

src\components\DepartmentAnalytics.js
  Line 7:71:  'AlertCircle' is defined but never used  no-unused-vars

src\components\EnhancedTimelineModal.js
  Line 6:72:  'MapPin' is defined but never used                                                                                   no-unused-vars
  Line 20:6:  React Hook useEffect has a missing dependency: 'loadTimelineData'. Either include it or remove the dependency array  react-hooks/exhaustive-deps

src\components\fhir\FHIRConnectionManager.js
  Line 86:6:  React Hook useEffect has missing dependencies: 'checkConnection' and 'serverUrl'. Either include them or remove the dependency array  react-hooks/exhaustive-deps

src\components\fhir\FHIRConnectionStatus.js
  Line 3:16:  'WifiOff' is defined but never used                                                                                 no-unused-vars
  Line 49:6:  React Hook useEffect has a missing dependency: 'checkConnection'. Either include it or remove the dependency array  react-hooks/exhaustive-deps

src\components\fhir\FHIRResourceViewer.js
  Line 3:19:  'Calendar' is defined but never used  no-unused-vars

src\components\fhir\FHIRTestPanel.js
  Line 3:38:  'AlertCircle' is defined but never used  no-unused-vars

src\models\fhirTypes.js
  Line 248:1:  Assign object to a variable before exporting as module default  import/no-anonymous-default-export

src\services\aiDataService.js
  Line 149:11:  'now' is assigned a value but never used  no-unused-vars
  Line 174:11:  'now' is assigned a value but never used  no-unused-vars

src\services\fhirClient.js
  Line 463:7:  Expected a default case  default-case

src\services\restApiService.js
  Line 672:9:   Expected a default case  default-case
  Line 1265:7:  Expected a default case  default-case

src\utils\fhirAdapter.js
  Line 13:3:   'TIMELINE_EVENT_TYPES' is defined but never used  no-unused-vars
  Line 258:5:  Expected a default case                           default-case

src\utils\fhirValidator.js
  Line 11:3:   'PATIENT_STATUS' is defined but never used                      no-unused-vars
  Line 43:3:   Expected a default case                                         default-case
  Line 331:1:  Assign object to a variable before exporting as module default  import/no-anonymous-default-export

Search for the keywords to learn more about each warning.
To ignore, add // eslint-disable-next-line to the line before.

[1m[33mWARNING[39m[22m in [1m[eslint] 
src\App.js
  Line 4:20:    'Bell' is defined but never used                                                                                  no-unused-vars
  Line 4:33:    'Filter' is defined but never used                                                                                no-unused-vars
  Line 15:8:    'FHIRConnectionStatus' is defined but never used                                                                  no-unused-vars
  Line 49:10:   'dataSyncStatus' is assigned a value but never used                                                               no-unused-vars
  Line 104:6:   React Hook useEffect has a missing dependency: 'fhirConnected'. Either include it or remove the dependency array  react-hooks/exhaustive-deps
  Line 208:11:  'encounterData' is defined but never used                                                                         no-unused-vars

src\components\CriticalAlerts.js
  Line 9:9:  The 'initialAlertsData' conditional could make the dependencies of useEffect Hook (at line 81) change on every render. Move it inside the useEffect callback. Alternatively, wrap the initialization of 'initialAlertsData' in its own useMemo() Hook  react-hooks/exhaustive-deps

src\components\DepartmentAnalytics.js
  Line 7:71:  'AlertCircle' is defined but never used  no-unused-vars

src\components\EnhancedTimelineModal.js
  Line 6:72:  'MapPin' is defined but never used                                                                                   no-unused-vars
  Line 20:6:  React Hook useEffect has a missing dependency: 'loadTimelineData'. Either include it or remove the dependency array  react-hooks/exhaustive-deps

src\components\fhir\FHIRConnectionManager.js
  Line 86:6:  React Hook useEffect has missing dependencies: 'checkConnection' and 'serverUrl'. Either include them or remove the dependency array  react-hooks/exhaustive-deps

src\components\fhir\FHIRConnectionStatus.js
  Line 3:16:  'WifiOff' is defined but never used                                                                                 no-unused-vars
  Line 49:6:  React Hook useEffect has a missing dependency: 'checkConnection'. Either include it or remove the dependency array  react-hooks/exhaustive-deps

src\components\fhir\FHIRResourceViewer.js
  Line 3:19:  'Calendar' is defined but never used  no-unused-vars

src\components\fhir\FHIRTestPanel.js
  Line 3:38:  'AlertCircle' is defined but never used  no-unused-vars

src\models\fhirTypes.js
  Line 248:1:  Assign object to a variable before exporting as module default  import/no-anonymous-default-export

src\services\aiDataService.js
  Line 149:11:  'now' is assigned a value but never used  no-unused-vars
  Line 174:11:  'now' is assigned a value but never used  no-unused-vars

src\services\fhirClient.js
  Line 463:7:  Expected a default case  default-case

src\services\restApiService.js
  Line 672:9:   Expected a default case  default-case
  Line 1265:7:  Expected a default case  default-case

src\utils\fhirAdapter.js
  Line 13:3:   'TIMELINE_EVENT_TYPES' is defined but never used  no-unused-vars
  Line 258:5:  Expected a default case                           default-case

src\utils\fhirValidator.js
  Line 11:3:   'PATIENT_STATUS' is defined but never used                      no-unused-vars
  Line 43:3:   Expected a default case                                         default-case
  Line 331:1:  Assign object to a variable before exporting as module default  import/no-anonymous-default-export

[39m[22m

webpack compiled with [1m[33m1 warning[39m[22m
Compiling...
Compiled with warnings.

[eslint] 
src\App.js
  Line 4:20:    'Bell' is defined but never used                                                                                  no-unused-vars
  Line 4:33:    'Filter' is defined but never used                                                                                no-unused-vars
  Line 15:8:    'FHIRConnectionStatus' is defined but never used                                                                  no-unused-vars
  Line 49:10:   'dataSyncStatus' is assigned a value but never used                                                               no-unused-vars
  Line 104:6:   React Hook useEffect has a missing dependency: 'fhirConnected'. Either include it or remove the dependency array  react-hooks/exhaustive-deps
  Line 208:11:  'encounterData' is defined but never used                                                                         no-unused-vars

src\components\CriticalAlerts.js
  Line 9:9:  The 'initialAlertsData' conditional could make the dependencies of useEffect Hook (at line 81) change on every render. Move it inside the useEffect callback. Alternatively, wrap the initialization of 'initialAlertsData' in its own useMemo() Hook  react-hooks/exhaustive-deps

src\components\DepartmentAnalytics.js
  Line 7:71:  'AlertCircle' is defined but never used  no-unused-vars

src\components\EnhancedTimelineModal.js
  Line 6:72:  'MapPin' is defined but never used                                                                                   no-unused-vars
  Line 20:6:  React Hook useEffect has a missing dependency: 'loadTimelineData'. Either include it or remove the dependency array  react-hooks/exhaustive-deps

src\components\fhir\FHIRConnectionManager.js
  Line 86:6:  React Hook useEffect has missing dependencies: 'checkConnection' and 'serverUrl'. Either include them or remove the dependency array  react-hooks/exhaustive-deps

src\components\fhir\FHIRConnectionStatus.js
  Line 3:16:  'WifiOff' is defined but never used                                                                                 no-unused-vars
  Line 49:6:  React Hook useEffect has a missing dependency: 'checkConnection'. Either include it or remove the dependency array  react-hooks/exhaustive-deps

src\components\fhir\FHIRResourceViewer.js
  Line 3:19:  'Calendar' is defined but never used  no-unused-vars

src\components\fhir\FHIRTestPanel.js
  Line 3:38:  'AlertCircle' is defined but never used  no-unused-vars

src\models\fhirTypes.js
  Line 248:1:  Assign object to a variable before exporting as module default  import/no-anonymous-default-export

src\services\aiDataService.js
  Line 149:11:  'now' is assigned a value but never used  no-unused-vars
  Line 174:11:  'now' is assigned a value but never used  no-unused-vars

src\services\fhirClient.js
  Line 463:7:  Expected a default case  default-case

src\services\restApiService.js
  Line 672:9:   Expected a default case  default-case
  Line 1265:7:  Expected a default case  default-case

src\utils\fhirAdapter.js
  Line 13:3:   'TIMELINE_EVENT_TYPES' is defined but never used  no-unused-vars
  Line 258:5:  Expected a default case                           default-case

src\utils\fhirValidator.js
  Line 11:3:   'PATIENT_STATUS' is defined but never used                      no-unused-vars
  Line 43:3:   Expected a default case                                         default-case
  Line 331:1:  Assign object to a variable before exporting as module default  import/no-anonymous-default-export

Search for the keywords to learn more about each warning.
To ignore, add // eslint-disable-next-line to the line before.

[1m[33mWARNING[39m[22m in [1m[eslint] 
src\App.js
  Line 4:20:    'Bell' is defined but never used                                                                                  no-unused-vars
  Line 4:33:    'Filter' is defined but never used                                                                                no-unused-vars
  Line 15:8:    'FHIRConnectionStatus' is defined but never used                                                                  no-unused-vars
  Line 49:10:   'dataSyncStatus' is assigned a value but never used                                                               no-unused-vars
  Line 104:6:   React Hook useEffect has a missing dependency: 'fhirConnected'. Either include it or remove the dependency array  react-hooks/exhaustive-deps
  Line 208:11:  'encounterData' is defined but never used                                                                         no-unused-vars

src\components\CriticalAlerts.js
  Line 9:9:  The 'initialAlertsData' conditional could make the dependencies of useEffect Hook (at line 81) change on every render. Move it inside the useEffect callback. Alternatively, wrap the initialization of 'initialAlertsData' in its own useMemo() Hook  react-hooks/exhaustive-deps

src\components\DepartmentAnalytics.js
  Line 7:71:  'AlertCircle' is defined but never used  no-unused-vars

src\components\EnhancedTimelineModal.js
  Line 6:72:  'MapPin' is defined but never used                                                                                   no-unused-vars
  Line 20:6:  React Hook useEffect has a missing dependency: 'loadTimelineData'. Either include it or remove the dependency array  react-hooks/exhaustive-deps

src\components\fhir\FHIRConnectionManager.js
  Line 86:6:  React Hook useEffect has missing dependencies: 'checkConnection' and 'serverUrl'. Either include them or remove the dependency array  react-hooks/exhaustive-deps

src\components\fhir\FHIRConnectionStatus.js
  Line 3:16:  'WifiOff' is defined but never used                                                                                 no-unused-vars
  Line 49:6:  React Hook useEffect has a missing dependency: 'checkConnection'. Either include it or remove the dependency array  react-hooks/exhaustive-deps

src\components\fhir\FHIRResourceViewer.js
  Line 3:19:  'Calendar' is defined but never used  no-unused-vars

src\components\fhir\FHIRTestPanel.js
  Line 3:38:  'AlertCircle' is defined but never used  no-unused-vars

src\models\fhirTypes.js
  Line 248:1:  Assign object to a variable before exporting as module default  import/no-anonymous-default-export

src\services\aiDataService.js
  Line 149:11:  'now' is assigned a value but never used  no-unused-vars
  Line 174:11:  'now' is assigned a value but never used  no-unused-vars

src\services\fhirClient.js
  Line 463:7:  Expected a default case  default-case

src\services\restApiService.js
  Line 672:9:   Expected a default case  default-case
  Line 1265:7:  Expected a default case  default-case

src\utils\fhirAdapter.js
  Line 13:3:   'TIMELINE_EVENT_TYPES' is defined but never used  no-unused-vars
  Line 258:5:  Expected a default case                           default-case

src\utils\fhirValidator.js
  Line 11:3:   'PATIENT_STATUS' is defined but never used                      no-unused-vars
  Line 43:3:   Expected a default case                                         default-case
  Line 331:1:  Assign object to a variable before exporting as module default  import/no-anonymous-default-export

[39m[22m

webpack compiled with [1m[33m1 warning[39m[22m
Compiling...
Compiled with warnings.

[eslint] 
src\App.js
  Line 4:20:    'Bell' is defined but never used                                                                                  no-unused-vars
  Line 4:33:    'Filter' is defined but never used                                                                                no-unused-vars
  Line 15:8:    'FHIRConnectionStatus' is defined but never used                                                                  no-unused-vars
  Line 49:10:   'dataSyncStatus' is assigned a value but never used                                                               no-unused-vars
  Line 104:6:   React Hook useEffect has a missing dependency: 'fhirConnected'. Either include it or remove the dependency array  react-hooks/exhaustive-deps
  Line 208:11:  'encounterData' is defined but never used                                                                         no-unused-vars

src\components\CriticalAlerts.js
  Line 9:9:  The 'initialAlertsData' conditional could make the dependencies of useEffect Hook (at line 81) change on every render. Move it inside the useEffect callback. Alternatively, wrap the initialization of 'initialAlertsData' in its own useMemo() Hook  react-hooks/exhaustive-deps

src\components\DepartmentAnalytics.js
  Line 7:71:  'AlertCircle' is defined but never used  no-unused-vars

src\components\EnhancedTimelineModal.js
  Line 6:72:  'MapPin' is defined but never used                                                                                   no-unused-vars
  Line 20:6:  React Hook useEffect has a missing dependency: 'loadTimelineData'. Either include it or remove the dependency array  react-hooks/exhaustive-deps

src\components\fhir\FHIRConnectionManager.js
  Line 86:6:  React Hook useEffect has missing dependencies: 'checkConnection' and 'serverUrl'. Either include them or remove the dependency array  react-hooks/exhaustive-deps

src\components\fhir\FHIRConnectionStatus.js
  Line 3:16:  'WifiOff' is defined but never used                                                                                 no-unused-vars
  Line 49:6:  React Hook useEffect has a missing dependency: 'checkConnection'. Either include it or remove the dependency array  react-hooks/exhaustive-deps

src\components\fhir\FHIRResourceViewer.js
  Line 3:19:  'Calendar' is defined but never used  no-unused-vars

src\components\fhir\FHIRTestPanel.js
  Line 3:38:  'AlertCircle' is defined but never used  no-unused-vars

src\models\fhirTypes.js
  Line 248:1:  Assign object to a variable before exporting as module default  import/no-anonymous-default-export

src\services\aiDataService.js
  Line 149:11:  'now' is assigned a value but never used  no-unused-vars
  Line 174:11:  'now' is assigned a value but never used  no-unused-vars

src\services\fhirClient.js
  Line 463:7:  Expected a default case  default-case

src\services\restApiService.js
  Line 672:9:   Expected a default case  default-case
  Line 1265:7:  Expected a default case  default-case

src\utils\fhirAdapter.js
  Line 13:3:   'TIMELINE_EVENT_TYPES' is defined but never used  no-unused-vars
  Line 258:5:  Expected a default case                           default-case

src\utils\fhirValidator.js
  Line 11:3:   'PATIENT_STATUS' is defined but never used                      no-unused-vars
  Line 43:3:   Expected a default case                                         default-case
  Line 331:1:  Assign object to a variable before exporting as module default  import/no-anonymous-default-export

Search for the keywords to learn more about each warning.
To ignore, add // eslint-disable-next-line to the line before.

[1m[33mWARNING[39m[22m in [1m[eslint] 
src\App.js
  Line 4:20:    'Bell' is defined but never used                                                                                  no-unused-vars
  Line 4:33:    'Filter' is defined but never used                                                                                no-unused-vars
  Line 15:8:    'FHIRConnectionStatus' is defined but never used                                                                  no-unused-vars
  Line 49:10:   'dataSyncStatus' is assigned a value but never used                                                               no-unused-vars
  Line 104:6:   React Hook useEffect has a missing dependency: 'fhirConnected'. Either include it or remove the dependency array  react-hooks/exhaustive-deps
  Line 208:11:  'encounterData' is defined but never used                                                                         no-unused-vars

src\components\CriticalAlerts.js
  Line 9:9:  The 'initialAlertsData' conditional could make the dependencies of useEffect Hook (at line 81) change on every render. Move it inside the useEffect callback. Alternatively, wrap the initialization of 'initialAlertsData' in its own useMemo() Hook  react-hooks/exhaustive-deps

src\components\DepartmentAnalytics.js
  Line 7:71:  'AlertCircle' is defined but never used  no-unused-vars

src\components\EnhancedTimelineModal.js
  Line 6:72:  'MapPin' is defined but never used                                                                                   no-unused-vars
  Line 20:6:  React Hook useEffect has a missing dependency: 'loadTimelineData'. Either include it or remove the dependency array  react-hooks/exhaustive-deps

src\components\fhir\FHIRConnectionManager.js
  Line 86:6:  React Hook useEffect has missing dependencies: 'checkConnection' and 'serverUrl'. Either include them or remove the dependency array  react-hooks/exhaustive-deps

src\components\fhir\FHIRConnectionStatus.js
  Line 3:16:  'WifiOff' is defined but never used                                                                                 no-unused-vars
  Line 49:6:  React Hook useEffect has a missing dependency: 'checkConnection'. Either include it or remove the dependency array  react-hooks/exhaustive-deps

src\components\fhir\FHIRResourceViewer.js
  Line 3:19:  'Calendar' is defined but never used  no-unused-vars

src\components\fhir\FHIRTestPanel.js
  Line 3:38:  'AlertCircle' is defined but never used  no-unused-vars

src\models\fhirTypes.js
  Line 248:1:  Assign object to a variable before exporting as module default  import/no-anonymous-default-export

src\services\aiDataService.js
  Line 149:11:  'now' is assigned a value but never used  no-unused-vars
  Line 174:11:  'now' is assigned a value but never used  no-unused-vars

src\services\fhirClient.js
  Line 463:7:  Expected a default case  default-case

src\services\restApiService.js
  Line 672:9:   Expected a default case  default-case
  Line 1265:7:  Expected a default case  default-case

src\utils\fhirAdapter.js
  Line 13:3:   'TIMELINE_EVENT_TYPES' is defined but never used  no-unused-vars
  Line 258:5:  Expected a default case                           default-case

src\utils\fhirValidator.js
  Line 11:3:   'PATIENT_STATUS' is defined but never used                      no-unused-vars
  Line 43:3:   Expected a default case                                         default-case
  Line 331:1:  Assign object to a variable before exporting as module default  import/no-anonymous-default-export

[39m[22m

webpack compiled with [1m[33m1 warning[39m[22m
Compiling...
Compiled with warnings.

[eslint] 
src\App.js
  Line 4:20:    'Bell' is defined but never used                                                                                  no-unused-vars
  Line 4:33:    'Filter' is defined but never used                                                                                no-unused-vars
  Line 15:8:    'FHIRConnectionStatus' is defined but never used                                                                  no-unused-vars
  Line 49:10:   'dataSyncStatus' is assigned a value but never used                                                               no-unused-vars
  Line 104:6:   React Hook useEffect has a missing dependency: 'fhirConnected'. Either include it or remove the dependency array  react-hooks/exhaustive-deps
  Line 208:11:  'encounterData' is defined but never used                                                                         no-unused-vars

src\components\CriticalAlerts.js
  Line 9:9:  The 'initialAlertsData' conditional could make the dependencies of useEffect Hook (at line 81) change on every render. Move it inside the useEffect callback. Alternatively, wrap the initialization of 'initialAlertsData' in its own useMemo() Hook  react-hooks/exhaustive-deps

src\components\DepartmentAnalytics.js
  Line 7:71:  'AlertCircle' is defined but never used  no-unused-vars

src\components\EnhancedTimelineModal.js
  Line 6:72:  'MapPin' is defined but never used                                                                                   no-unused-vars
  Line 20:6:  React Hook useEffect has a missing dependency: 'loadTimelineData'. Either include it or remove the dependency array  react-hooks/exhaustive-deps

src\components\fhir\FHIRConnectionManager.js
  Line 86:6:  React Hook useEffect has missing dependencies: 'checkConnection' and 'serverUrl'. Either include them or remove the dependency array  react-hooks/exhaustive-deps

src\components\fhir\FHIRConnectionStatus.js
  Line 3:16:  'WifiOff' is defined but never used                                                                                 no-unused-vars
  Line 49:6:  React Hook useEffect has a missing dependency: 'checkConnection'. Either include it or remove the dependency array  react-hooks/exhaustive-deps

src\components\fhir\FHIRResourceViewer.js
  Line 3:19:  'Calendar' is defined but never used  no-unused-vars

src\components\fhir\FHIRTestPanel.js
  Line 3:38:  'AlertCircle' is defined but never used  no-unused-vars

src\models\fhirTypes.js
  Line 248:1:  Assign object to a variable before exporting as module default  import/no-anonymous-default-export

src\services\aiDataService.js
  Line 149:11:  'now' is assigned a value but never used  no-unused-vars
  Line 174:11:  'now' is assigned a value but never used  no-unused-vars

src\services\fhirClient.js
  Line 463:7:  Expected a default case  default-case

src\services\restApiService.js
  Line 672:9:   Expected a default case  default-case
  Line 1265:7:  Expected a default case  default-case

src\utils\fhirAdapter.js
  Line 13:3:   'TIMELINE_EVENT_TYPES' is defined but never used  no-unused-vars
  Line 258:5:  Expected a default case                           default-case

src\utils\fhirValidator.js
  Line 11:3:   'PATIENT_STATUS' is defined but never used                      no-unused-vars
  Line 43:3:   Expected a default case                                         default-case
  Line 331:1:  Assign object to a variable before exporting as module default  import/no-anonymous-default-export

Search for the keywords to learn more about each warning.
To ignore, add // eslint-disable-next-line to the line before.

[1m[33mWARNING[39m[22m in [1m[eslint] 
src\App.js
  Line 4:20:    'Bell' is defined but never used                                                                                  no-unused-vars
  Line 4:33:    'Filter' is defined but never used                                                                                no-unused-vars
  Line 15:8:    'FHIRConnectionStatus' is defined but never used                                                                  no-unused-vars
  Line 49:10:   'dataSyncStatus' is assigned a value but never used                                                               no-unused-vars
  Line 104:6:   React Hook useEffect has a missing dependency: 'fhirConnected'. Either include it or remove the dependency array  react-hooks/exhaustive-deps
  Line 208:11:  'encounterData' is defined but never used                                                                         no-unused-vars

src\components\CriticalAlerts.js
  Line 9:9:  The 'initialAlertsData' conditional could make the dependencies of useEffect Hook (at line 81) change on every render. Move it inside the useEffect callback. Alternatively, wrap the initialization of 'initialAlertsData' in its own useMemo() Hook  react-hooks/exhaustive-deps

src\components\DepartmentAnalytics.js
  Line 7:71:  'AlertCircle' is defined but never used  no-unused-vars

src\components\EnhancedTimelineModal.js
  Line 6:72:  'MapPin' is defined but never used                                                                                   no-unused-vars
  Line 20:6:  React Hook useEffect has a missing dependency: 'loadTimelineData'. Either include it or remove the dependency array  react-hooks/exhaustive-deps

src\components\fhir\FHIRConnectionManager.js
  Line 86:6:  React Hook useEffect has missing dependencies: 'checkConnection' and 'serverUrl'. Either include them or remove the dependency array  react-hooks/exhaustive-deps

src\components\fhir\FHIRConnectionStatus.js
  Line 3:16:  'WifiOff' is defined but never used                                                                                 no-unused-vars
  Line 49:6:  React Hook useEffect has a missing dependency: 'checkConnection'. Either include it or remove the dependency array  react-hooks/exhaustive-deps

src\components\fhir\FHIRResourceViewer.js
  Line 3:19:  'Calendar' is defined but never used  no-unused-vars

src\components\fhir\FHIRTestPanel.js
  Line 3:38:  'AlertCircle' is defined but never used  no-unused-vars

src\models\fhirTypes.js
  Line 248:1:  Assign object to a variable before exporting as module default  import/no-anonymous-default-export

src\services\aiDataService.js
  Line 149:11:  'now' is assigned a value but never used  no-unused-vars
  Line 174:11:  'now' is assigned a value but never used  no-unused-vars

src\services\fhirClient.js
  Line 463:7:  Expected a default case  default-case

src\services\restApiService.js
  Line 672:9:   Expected a default case  default-case
  Line 1265:7:  Expected a default case  default-case

src\utils\fhirAdapter.js
  Line 13:3:   'TIMELINE_EVENT_TYPES' is defined but never used  no-unused-vars
  Line 258:5:  Expected a default case                           default-case

src\utils\fhirValidator.js
  Line 11:3:   'PATIENT_STATUS' is defined but never used                      no-unused-vars
  Line 43:3:   Expected a default case                                         default-case
  Line 331:1:  Assign object to a variable before exporting as module default  import/no-anonymous-default-export

[39m[22m

webpack compiled with [1m[33m1 warning[39m[22m
Compiling...
Compiled with warnings.

[eslint] 
src\App.js
  Line 4:20:    'Bell' is defined but never used                                                                                  no-unused-vars
  Line 4:33:    'Filter' is defined but never used                                                                                no-unused-vars
  Line 15:8:    'FHIRConnectionStatus' is defined but never used                                                                  no-unused-vars
  Line 49:10:   'dataSyncStatus' is assigned a value but never used                                                               no-unused-vars
  Line 104:6:   React Hook useEffect has a missing dependency: 'fhirConnected'. Either include it or remove the dependency array  react-hooks/exhaustive-deps
  Line 208:11:  'encounterData' is defined but never used                                                                         no-unused-vars

src\components\CriticalAlerts.js
  Line 9:9:  The 'initialAlertsData' conditional could make the dependencies of useEffect Hook (at line 81) change on every render. Move it inside the useEffect callback. Alternatively, wrap the initialization of 'initialAlertsData' in its own useMemo() Hook  react-hooks/exhaustive-deps

src\components\DepartmentAnalytics.js
  Line 7:71:  'AlertCircle' is defined but never used  no-unused-vars

src\components\EnhancedTimelineModal.js
  Line 6:72:  'MapPin' is defined but never used                                                                                   no-unused-vars
  Line 20:6:  React Hook useEffect has a missing dependency: 'loadTimelineData'. Either include it or remove the dependency array  react-hooks/exhaustive-deps

src\components\fhir\FHIRConnectionManager.js
  Line 86:6:  React Hook useEffect has missing dependencies: 'checkConnection' and 'serverUrl'. Either include them or remove the dependency array  react-hooks/exhaustive-deps

src\components\fhir\FHIRConnectionStatus.js
  Line 3:16:  'WifiOff' is defined but never used                                                                                 no-unused-vars
  Line 49:6:  React Hook useEffect has a missing dependency: 'checkConnection'. Either include it or remove the dependency array  react-hooks/exhaustive-deps

src\components\fhir\FHIRResourceViewer.js
  Line 3:19:  'Calendar' is defined but never used  no-unused-vars

src\components\fhir\FHIRTestPanel.js
  Line 3:38:  'AlertCircle' is defined but never used  no-unused-vars

src\models\fhirTypes.js
  Line 248:1:  Assign object to a variable before exporting as module default  import/no-anonymous-default-export

src\services\aiDataService.js
  Line 149:11:  'now' is assigned a value but never used  no-unused-vars
  Line 174:11:  'now' is assigned a value but never used  no-unused-vars

src\services\fhirClient.js
  Line 463:7:  Expected a default case  default-case

src\services\restApiService.js
  Line 672:9:   Expected a default case  default-case
  Line 1265:7:  Expected a default case  default-case

src\utils\fhirAdapter.js
  Line 13:3:   'TIMELINE_EVENT_TYPES' is defined but never used  no-unused-vars
  Line 258:5:  Expected a default case                           default-case

src\utils\fhirValidator.js
  Line 11:3:   'PATIENT_STATUS' is defined but never used                      no-unused-vars
  Line 43:3:   Expected a default case                                         default-case
  Line 331:1:  Assign object to a variable before exporting as module default  import/no-anonymous-default-export

Search for the keywords to learn more about each warning.
To ignore, add // eslint-disable-next-line to the line before.

[1m[33mWARNING[39m[22m in [1m[eslint] 
src\App.js
  Line 4:20:    'Bell' is defined but never used                                                                                  no-unused-vars
  Line 4:33:    'Filter' is defined but never used                                                                                no-unused-vars
  Line 15:8:    'FHIRConnectionStatus' is defined but never used                                                                  no-unused-vars
  Line 49:10:   'dataSyncStatus' is assigned a value but never used                                                               no-unused-vars
  Line 104:6:   React Hook useEffect has a missing dependency: 'fhirConnected'. Either include it or remove the dependency array  react-hooks/exhaustive-deps
  Line 208:11:  'encounterData' is defined but never used                                                                         no-unused-vars

src\components\CriticalAlerts.js
  Line 9:9:  The 'initialAlertsData' conditional could make the dependencies of useEffect Hook (at line 81) change on every render. Move it inside the useEffect callback. Alternatively, wrap the initialization of 'initialAlertsData' in its own useMemo() Hook  react-hooks/exhaustive-deps

src\components\DepartmentAnalytics.js
  Line 7:71:  'AlertCircle' is defined but never used  no-unused-vars

src\components\EnhancedTimelineModal.js
  Line 6:72:  'MapPin' is defined but never used                                                                                   no-unused-vars
  Line 20:6:  React Hook useEffect has a missing dependency: 'loadTimelineData'. Either include it or remove the dependency array  react-hooks/exhaustive-deps

src\components\fhir\FHIRConnectionManager.js
  Line 86:6:  React Hook useEffect has missing dependencies: 'checkConnection' and 'serverUrl'. Either include them or remove the dependency array  react-hooks/exhaustive-deps

src\components\fhir\FHIRConnectionStatus.js
  Line 3:16:  'WifiOff' is defined but never used                                                                                 no-unused-vars
  Line 49:6:  React Hook useEffect has a missing dependency: 'checkConnection'. Either include it or remove the dependency array  react-hooks/exhaustive-deps

src\components\fhir\FHIRResourceViewer.js
  Line 3:19:  'Calendar' is defined but never used  no-unused-vars

src\components\fhir\FHIRTestPanel.js
  Line 3:38:  'AlertCircle' is defined but never used  no-unused-vars

src\models\fhirTypes.js
  Line 248:1:  Assign object to a variable before exporting as module default  import/no-anonymous-default-export

src\services\aiDataService.js
  Line 149:11:  'now' is assigned a value but never used  no-unused-vars
  Line 174:11:  'now' is assigned a value but never used  no-unused-vars

src\services\fhirClient.js
  Line 463:7:  Expected a default case  default-case

src\services\restApiService.js
  Line 672:9:   Expected a default case  default-case
  Line 1265:7:  Expected a default case  default-case

src\utils\fhirAdapter.js
  Line 13:3:   'TIMELINE_EVENT_TYPES' is defined but never used  no-unused-vars
  Line 258:5:  Expected a default case                           default-case

src\utils\fhirValidator.js
  Line 11:3:   'PATIENT_STATUS' is defined but never used                      no-unused-vars
  Line 43:3:   Expected a default case                                         default-case
  Line 331:1:  Assign object to a variable before exporting as module default  import/no-anonymous-default-export

[39m[22m

webpack compiled with [1m[33m1 warning[39m[22m
Compiling...
Compiled with warnings.

[eslint] 
src\App.js
  Line 4:20:    'Bell' is defined but never used                                                                                  no-unused-vars
  Line 4:33:    'Filter' is defined but never used                                                                                no-unused-vars
  Line 15:8:    'FHIRConnectionStatus' is defined but never used                                                                  no-unused-vars
  Line 49:10:   'dataSyncStatus' is assigned a value but never used                                                               no-unused-vars
  Line 104:6:   React Hook useEffect has a missing dependency: 'fhirConnected'. Either include it or remove the dependency array  react-hooks/exhaustive-deps
  Line 208:11:  'encounterData' is defined but never used                                                                         no-unused-vars

src\components\CriticalAlerts.js
  Line 9:9:  The 'initialAlertsData' conditional could make the dependencies of useEffect Hook (at line 81) change on every render. Move it inside the useEffect callback. Alternatively, wrap the initialization of 'initialAlertsData' in its own useMemo() Hook  react-hooks/exhaustive-deps

src\components\DepartmentAnalytics.js
  Line 7:71:  'AlertCircle' is defined but never used  no-unused-vars

src\components\EnhancedTimelineModal.js
  Line 6:72:  'MapPin' is defined but never used                                                                                   no-unused-vars
  Line 20:6:  React Hook useEffect has a missing dependency: 'loadTimelineData'. Either include it or remove the dependency array  react-hooks/exhaustive-deps

src\components\fhir\FHIRConnectionManager.js
  Line 86:6:  React Hook useEffect has missing dependencies: 'checkConnection' and 'serverUrl'. Either include them or remove the dependency array  react-hooks/exhaustive-deps

src\components\fhir\FHIRConnectionStatus.js
  Line 3:16:  'WifiOff' is defined but never used                                                                                 no-unused-vars
  Line 49:6:  React Hook useEffect has a missing dependency: 'checkConnection'. Either include it or remove the dependency array  react-hooks/exhaustive-deps

src\components\fhir\FHIRResourceViewer.js
  Line 3:19:  'Calendar' is defined but never used  no-unused-vars

src\components\fhir\FHIRTestPanel.js
  Line 3:38:  'AlertCircle' is defined but never used  no-unused-vars

src\models\fhirTypes.js
  Line 248:1:  Assign object to a variable before exporting as module default  import/no-anonymous-default-export

src\services\aiDataService.js
  Line 149:11:  'now' is assigned a value but never used  no-unused-vars
  Line 174:11:  'now' is assigned a value but never used  no-unused-vars

src\services\fhirClient.js
  Line 463:7:  Expected a default case  default-case

src\services\restApiService.js
  Line 672:9:   Expected a default case  default-case
  Line 1265:7:  Expected a default case  default-case

src\utils\fhirAdapter.js
  Line 13:3:   'TIMELINE_EVENT_TYPES' is defined but never used  no-unused-vars
  Line 258:5:  Expected a default case                           default-case

src\utils\fhirValidator.js
  Line 11:3:   'PATIENT_STATUS' is defined but never used                      no-unused-vars
  Line 43:3:   Expected a default case                                         default-case
  Line 331:1:  Assign object to a variable before exporting as module default  import/no-anonymous-default-export

Search for the keywords to learn more about each warning.
To ignore, add // eslint-disable-next-line to the line before.

[1m[33mWARNING[39m[22m in [1m[eslint] 
src\App.js
  Line 4:20:    'Bell' is defined but never used                                                                                  no-unused-vars
  Line 4:33:    'Filter' is defined but never used                                                                                no-unused-vars
  Line 15:8:    'FHIRConnectionStatus' is defined but never used                                                                  no-unused-vars
  Line 49:10:   'dataSyncStatus' is assigned a value but never used                                                               no-unused-vars
  Line 104:6:   React Hook useEffect has a missing dependency: 'fhirConnected'. Either include it or remove the dependency array  react-hooks/exhaustive-deps
  Line 208:11:  'encounterData' is defined but never used                                                                         no-unused-vars

src\components\CriticalAlerts.js
  Line 9:9:  The 'initialAlertsData' conditional could make the dependencies of useEffect Hook (at line 81) change on every render. Move it inside the useEffect callback. Alternatively, wrap the initialization of 'initialAlertsData' in its own useMemo() Hook  react-hooks/exhaustive-deps

src\components\DepartmentAnalytics.js
  Line 7:71:  'AlertCircle' is defined but never used  no-unused-vars

src\components\EnhancedTimelineModal.js
  Line 6:72:  'MapPin' is defined but never used                                                                                   no-unused-vars
  Line 20:6:  React Hook useEffect has a missing dependency: 'loadTimelineData'. Either include it or remove the dependency array  react-hooks/exhaustive-deps

src\components\fhir\FHIRConnectionManager.js
  Line 86:6:  React Hook useEffect has missing dependencies: 'checkConnection' and 'serverUrl'. Either include them or remove the dependency array  react-hooks/exhaustive-deps

src\components\fhir\FHIRConnectionStatus.js
  Line 3:16:  'WifiOff' is defined but never used                                                                                 no-unused-vars
  Line 49:6:  React Hook useEffect has a missing dependency: 'checkConnection'. Either include it or remove the dependency array  react-hooks/exhaustive-deps

src\components\fhir\FHIRResourceViewer.js
  Line 3:19:  'Calendar' is defined but never used  no-unused-vars

src\components\fhir\FHIRTestPanel.js
  Line 3:38:  'AlertCircle' is defined but never used  no-unused-vars

src\models\fhirTypes.js
  Line 248:1:  Assign object to a variable before exporting as module default  import/no-anonymous-default-export

src\services\aiDataService.js
  Line 149:11:  'now' is assigned a value but never used  no-unused-vars
  Line 174:11:  'now' is assigned a value but never used  no-unused-vars

src\services\fhirClient.js
  Line 463:7:  Expected a default case  default-case

src\services\restApiService.js
  Line 672:9:   Expected a default case  default-case
  Line 1265:7:  Expected a default case  default-case

src\utils\fhirAdapter.js
  Line 13:3:   'TIMELINE_EVENT_TYPES' is defined but never used  no-unused-vars
  Line 258:5:  Expected a default case                           default-case

src\utils\fhirValidator.js
  Line 11:3:   'PATIENT_STATUS' is defined but never used                      no-unused-vars
  Line 43:3:   Expected a default case                                         default-case
  Line 331:1:  Assign object to a variable before exporting as module default  import/no-anonymous-default-export

[39m[22m

webpack compiled with [1m[33m1 warning[39m[22m
Compiling...
Compiled with warnings.

[eslint] 
src\App.js
  Line 4:20:    'Bell' is defined but never used                                                                                  no-unused-vars
  Line 4:33:    'Filter' is defined but never used                                                                                no-unused-vars
  Line 15:8:    'FHIRConnectionStatus' is defined but never used                                                                  no-unused-vars
  Line 49:10:   'dataSyncStatus' is assigned a value but never used                                                               no-unused-vars
  Line 104:6:   React Hook useEffect has a missing dependency: 'fhirConnected'. Either include it or remove the dependency array  react-hooks/exhaustive-deps
  Line 208:11:  'encounterData' is defined but never used                                                                         no-unused-vars

src\components\CriticalAlerts.js
  Line 9:9:  The 'initialAlertsData' conditional could make the dependencies of useEffect Hook (at line 81) change on every render. Move it inside the useEffect callback. Alternatively, wrap the initialization of 'initialAlertsData' in its own useMemo() Hook  react-hooks/exhaustive-deps

src\components\DepartmentAnalytics.js
  Line 7:71:  'AlertCircle' is defined but never used  no-unused-vars

src\components\EnhancedTimelineModal.js
  Line 6:72:  'MapPin' is defined but never used                                                                                   no-unused-vars
  Line 20:6:  React Hook useEffect has a missing dependency: 'loadTimelineData'. Either include it or remove the dependency array  react-hooks/exhaustive-deps

src\components\fhir\FHIRConnectionManager.js
  Line 86:6:  React Hook useEffect has missing dependencies: 'checkConnection' and 'serverUrl'. Either include them or remove the dependency array  react-hooks/exhaustive-deps

src\components\fhir\FHIRConnectionStatus.js
  Line 3:16:  'WifiOff' is defined but never used                                                                                 no-unused-vars
  Line 49:6:  React Hook useEffect has a missing dependency: 'checkConnection'. Either include it or remove the dependency array  react-hooks/exhaustive-deps

src\components\fhir\FHIRResourceViewer.js
  Line 3:19:  'Calendar' is defined but never used  no-unused-vars

src\components\fhir\FHIRTestPanel.js
  Line 3:38:  'AlertCircle' is defined but never used  no-unused-vars

src\models\fhirTypes.js
  Line 248:1:  Assign object to a variable before exporting as module default  import/no-anonymous-default-export

src\services\aiDataService.js
  Line 149:11:  'now' is assigned a value but never used  no-unused-vars
  Line 174:11:  'now' is assigned a value but never used  no-unused-vars

src\services\fhirClient.js
  Line 463:7:  Expected a default case  default-case

src\services\restApiService.js
  Line 774:9:   Expected a default case  default-case
  Line 1367:7:  Expected a default case  default-case

src\utils\fhirAdapter.js
  Line 13:3:   'TIMELINE_EVENT_TYPES' is defined but never used  no-unused-vars
  Line 258:5:  Expected a default case                           default-case

src\utils\fhirValidator.js
  Line 11:3:   'PATIENT_STATUS' is defined but never used                      no-unused-vars
  Line 43:3:   Expected a default case                                         default-case
  Line 331:1:  Assign object to a variable before exporting as module default  import/no-anonymous-default-export

Search for the keywords to learn more about each warning.
To ignore, add // eslint-disable-next-line to the line before.

[1m[33mWARNING[39m[22m in [1m[eslint] 
src\App.js
  Line 4:20:    'Bell' is defined but never used                                                                                  no-unused-vars
  Line 4:33:    'Filter' is defined but never used                                                                                no-unused-vars
  Line 15:8:    'FHIRConnectionStatus' is defined but never used                                                                  no-unused-vars
  Line 49:10:   'dataSyncStatus' is assigned a value but never used                                                               no-unused-vars
  Line 104:6:   React Hook useEffect has a missing dependency: 'fhirConnected'. Either include it or remove the dependency array  react-hooks/exhaustive-deps
  Line 208:11:  'encounterData' is defined but never used                                                                         no-unused-vars

src\components\CriticalAlerts.js
  Line 9:9:  The 'initialAlertsData' conditional could make the dependencies of useEffect Hook (at line 81) change on every render. Move it inside the useEffect callback. Alternatively, wrap the initialization of 'initialAlertsData' in its own useMemo() Hook  react-hooks/exhaustive-deps

src\components\DepartmentAnalytics.js
  Line 7:71:  'AlertCircle' is defined but never used  no-unused-vars

src\components\EnhancedTimelineModal.js
  Line 6:72:  'MapPin' is defined but never used                                                                                   no-unused-vars
  Line 20:6:  React Hook useEffect has a missing dependency: 'loadTimelineData'. Either include it or remove the dependency array  react-hooks/exhaustive-deps

src\components\fhir\FHIRConnectionManager.js
  Line 86:6:  React Hook useEffect has missing dependencies: 'checkConnection' and 'serverUrl'. Either include them or remove the dependency array  react-hooks/exhaustive-deps

src\components\fhir\FHIRConnectionStatus.js
  Line 3:16:  'WifiOff' is defined but never used                                                                                 no-unused-vars
  Line 49:6:  React Hook useEffect has a missing dependency: 'checkConnection'. Either include it or remove the dependency array  react-hooks/exhaustive-deps

src\components\fhir\FHIRResourceViewer.js
  Line 3:19:  'Calendar' is defined but never used  no-unused-vars

src\components\fhir\FHIRTestPanel.js
  Line 3:38:  'AlertCircle' is defined but never used  no-unused-vars

src\models\fhirTypes.js
  Line 248:1:  Assign object to a variable before exporting as module default  import/no-anonymous-default-export

src\services\aiDataService.js
  Line 149:11:  'now' is assigned a value but never used  no-unused-vars
  Line 174:11:  'now' is assigned a value but never used  no-unused-vars

src\services\fhirClient.js
  Line 463:7:  Expected a default case  default-case

src\services\restApiService.js
  Line 774:9:   Expected a default case  default-case
  Line 1367:7:  Expected a default case  default-case

src\utils\fhirAdapter.js
  Line 13:3:   'TIMELINE_EVENT_TYPES' is defined but never used  no-unused-vars
  Line 258:5:  Expected a default case                           default-case

src\utils\fhirValidator.js
  Line 11:3:   'PATIENT_STATUS' is defined but never used                      no-unused-vars
  Line 43:3:   Expected a default case                                         default-case
  Line 331:1:  Assign object to a variable before exporting as module default  import/no-anonymous-default-export

[39m[22m

webpack compiled with [1m[33m1 warning[39m[22m
Compiling...
Compiled with warnings.

[eslint] 
src\App.js
  Line 4:20:    'Bell' is defined but never used                                                                                  no-unused-vars
  Line 4:33:    'Filter' is defined but never used                                                                                no-unused-vars
  Line 15:8:    'FHIRConnectionStatus' is defined but never used                                                                  no-unused-vars
  Line 49:10:   'dataSyncStatus' is assigned a value but never used                                                               no-unused-vars
  Line 104:6:   React Hook useEffect has a missing dependency: 'fhirConnected'. Either include it or remove the dependency array  react-hooks/exhaustive-deps
  Line 208:11:  'encounterData' is defined but never used                                                                         no-unused-vars

src\components\CriticalAlerts.js
  Line 9:9:  The 'initialAlertsData' conditional could make the dependencies of useEffect Hook (at line 81) change on every render. Move it inside the useEffect callback. Alternatively, wrap the initialization of 'initialAlertsData' in its own useMemo() Hook  react-hooks/exhaustive-deps

src\components\DepartmentAnalytics.js
  Line 7:71:  'AlertCircle' is defined but never used  no-unused-vars

src\components\EnhancedTimelineModal.js
  Line 6:72:  'MapPin' is defined but never used                                                                                   no-unused-vars
  Line 20:6:  React Hook useEffect has a missing dependency: 'loadTimelineData'. Either include it or remove the dependency array  react-hooks/exhaustive-deps

src\components\fhir\FHIRConnectionManager.js
  Line 86:6:  React Hook useEffect has missing dependencies: 'checkConnection' and 'serverUrl'. Either include them or remove the dependency array  react-hooks/exhaustive-deps

src\components\fhir\FHIRConnectionStatus.js
  Line 3:16:  'WifiOff' is defined but never used                                                                                 no-unused-vars
  Line 49:6:  React Hook useEffect has a missing dependency: 'checkConnection'. Either include it or remove the dependency array  react-hooks/exhaustive-deps

src\components\fhir\FHIRResourceViewer.js
  Line 3:19:  'Calendar' is defined but never used  no-unused-vars

src\components\fhir\FHIRTestPanel.js
  Line 3:38:  'AlertCircle' is defined but never used  no-unused-vars

src\models\fhirTypes.js
  Line 248:1:  Assign object to a variable before exporting as module default  import/no-anonymous-default-export

src\services\aiDataService.js
  Line 149:11:  'now' is assigned a value but never used  no-unused-vars
  Line 174:11:  'now' is assigned a value but never used  no-unused-vars

src\services\fhirClient.js
  Line 463:7:  Expected a default case  default-case

src\services\restApiService.js
  Line 774:9:   Expected a default case  default-case
  Line 1370:7:  Expected a default case  default-case

src\utils\fhirAdapter.js
  Line 13:3:   'TIMELINE_EVENT_TYPES' is defined but never used  no-unused-vars
  Line 258:5:  Expected a default case                           default-case

src\utils\fhirValidator.js
  Line 11:3:   'PATIENT_STATUS' is defined but never used                      no-unused-vars
  Line 43:3:   Expected a default case                                         default-case
  Line 331:1:  Assign object to a variable before exporting as module default  import/no-anonymous-default-export

Search for the keywords to learn more about each warning.
To ignore, add // eslint-disable-next-line to the line before.

[1m[33mWARNING[39m[22m in [1m[eslint] 
src\App.js
  Line 4:20:    'Bell' is defined but never used                                                                                  no-unused-vars
  Line 4:33:    'Filter' is defined but never used                                                                                no-unused-vars
  Line 15:8:    'FHIRConnectionStatus' is defined but never used                                                                  no-unused-vars
  Line 49:10:   'dataSyncStatus' is assigned a value but never used                                                               no-unused-vars
  Line 104:6:   React Hook useEffect has a missing dependency: 'fhirConnected'. Either include it or remove the dependency array  react-hooks/exhaustive-deps
  Line 208:11:  'encounterData' is defined but never used                                                                         no-unused-vars

src\components\CriticalAlerts.js
  Line 9:9:  The 'initialAlertsData' conditional could make the dependencies of useEffect Hook (at line 81) change on every render. Move it inside the useEffect callback. Alternatively, wrap the initialization of 'initialAlertsData' in its own useMemo() Hook  react-hooks/exhaustive-deps

src\components\DepartmentAnalytics.js
  Line 7:71:  'AlertCircle' is defined but never used  no-unused-vars

src\components\EnhancedTimelineModal.js
  Line 6:72:  'MapPin' is defined but never used                                                                                   no-unused-vars
  Line 20:6:  React Hook useEffect has a missing dependency: 'loadTimelineData'. Either include it or remove the dependency array  react-hooks/exhaustive-deps

src\components\fhir\FHIRConnectionManager.js
  Line 86:6:  React Hook useEffect has missing dependencies: 'checkConnection' and 'serverUrl'. Either include them or remove the dependency array  react-hooks/exhaustive-deps

src\components\fhir\FHIRConnectionStatus.js
  Line 3:16:  'WifiOff' is defined but never used                                                                                 no-unused-vars
  Line 49:6:  React Hook useEffect has a missing dependency: 'checkConnection'. Either include it or remove the dependency array  react-hooks/exhaustive-deps

src\components\fhir\FHIRResourceViewer.js
  Line 3:19:  'Calendar' is defined but never used  no-unused-vars

src\components\fhir\FHIRTestPanel.js
  Line 3:38:  'AlertCircle' is defined but never used  no-unused-vars

src\models\fhirTypes.js
  Line 248:1:  Assign object to a variable before exporting as module default  import/no-anonymous-default-export

src\services\aiDataService.js
  Line 149:11:  'now' is assigned a value but never used  no-unused-vars
  Line 174:11:  'now' is assigned a value but never used  no-unused-vars

src\services\fhirClient.js
  Line 463:7:  Expected a default case  default-case

src\services\restApiService.js
  Line 774:9:   Expected a default case  default-case
  Line 1370:7:  Expected a default case  default-case

src\utils\fhirAdapter.js
  Line 13:3:   'TIMELINE_EVENT_TYPES' is defined but never used  no-unused-vars
  Line 258:5:  Expected a default case                           default-case

src\utils\fhirValidator.js
  Line 11:3:   'PATIENT_STATUS' is defined but never used                      no-unused-vars
  Line 43:3:   Expected a default case                                         default-case
  Line 331:1:  Assign object to a variable before exporting as module default  import/no-anonymous-default-export

[39m[22m

webpack compiled with [1m[33m1 warning[39m[22m
